TN:
SF:src/routes/bookings.js
FN:11,(anonymous_0)
FN:13,(anonymous_1)
FN:52,(anonymous_2)
FN:173,(anonymous_3)
FN:188,(anonymous_4)
FN:212,(anonymous_5)
FN:222,(anonymous_6)
FN:223,(anonymous_7)
FN:224,(anonymous_8)
FN:226,(anonymous_9)
FN:227,(anonymous_10)
FN:229,(anonymous_11)
FN:230,(anonymous_12)
FN:238,(anonymous_13)
FN:255,(anonymous_14)
FN:275,(anonymous_15)
FN:295,(anonymous_16)
FN:354,(anonymous_17)
FN:364,(anonymous_18)
FN:365,(anonymous_19)
FN:367,(anonymous_20)
FN:368,(anonymous_21)
FN:370,(anonymous_22)
FN:371,(anonymous_23)
FN:388,(anonymous_24)
FN:420,(anonymous_25)
FNF:26
FNH:26
FNDA:2,(anonymous_0)
FNDA:1,(anonymous_1)
FNDA:9,(anonymous_2)
FNDA:1,(anonymous_3)
FNDA:2,(anonymous_4)
FNDA:2,(anonymous_5)
FNDA:1,(anonymous_6)
FNDA:1,(anonymous_7)
FNDA:1,(anonymous_8)
FNDA:1,(anonymous_9)
FNDA:1,(anonymous_10)
FNDA:1,(anonymous_11)
FNDA:1,(anonymous_12)
FNDA:1,(anonymous_13)
FNDA:1,(anonymous_14)
FNDA:2,(anonymous_15)
FNDA:3,(anonymous_16)
FNDA:1,(anonymous_17)
FNDA:1,(anonymous_18)
FNDA:1,(anonymous_19)
FNDA:1,(anonymous_20)
FNDA:1,(anonymous_21)
FNDA:1,(anonymous_22)
FNDA:1,(anonymous_23)
FNDA:1,(anonymous_24)
FNDA:1,(anonymous_25)
DA:1,1
DA:2,1
DA:3,1
DA:4,1
DA:5,1
DA:7,1
DA:9,1
DA:11,2
DA:13,1
DA:14,1
DA:15,1
DA:16,1
DA:17,0
DA:19,0
DA:20,0
DA:23,0
DA:28,0
DA:29,0
DA:30,0
DA:33,0
DA:34,0
DA:35,0
DA:36,0
DA:38,0
DA:40,0
DA:44,0
DA:47,1
DA:52,1
DA:53,9
DA:54,9
DA:56,9
DA:57,1
DA:61,8
DA:62,8
DA:64,1
DA:67,7
DA:69,7
DA:70,1
DA:73,6
DA:74,1
DA:77,5
DA:79,5
DA:80,1
DA:87,4
DA:101,4
DA:102,1
DA:103,1
DA:104,1
DA:106,1
DA:108,1
DA:121,3
DA:123,3
DA:124,1
DA:125,1
DA:126,1
DA:128,1
DA:134,2
DA:135,2
DA:136,2
DA:138,2
DA:139,2
DA:143,1
DA:149,1
DA:150,1
DA:152,1
DA:167,0
DA:168,0
DA:173,1
DA:174,1
DA:175,1
DA:177,1
DA:182,0
DA:183,0
DA:188,1
DA:189,2
DA:190,2
DA:196,2
DA:197,1
DA:200,1
DA:206,0
DA:207,0
DA:212,1
DA:213,2
DA:214,1
DA:217,1
DA:218,1
DA:220,1
DA:222,1
DA:223,1
DA:224,1
DA:226,1
DA:227,1
DA:229,1
DA:230,1
DA:233,1
DA:238,1
DA:239,1
DA:240,1
DA:241,1
DA:243,0
DA:247,1
DA:249,0
DA:250,0
DA:255,1
DA:256,1
DA:257,1
DA:259,1
DA:260,1
DA:263,0
DA:264,0
DA:267,0
DA:269,0
DA:270,0
DA:275,1
DA:276,2
DA:277,2
DA:279,2
DA:280,1
DA:283,1
DA:284,1
DA:287,0
DA:289,0
DA:290,0
DA:295,1
DA:296,3
DA:297,3
DA:299,3
DA:300,0
DA:303,3
DA:304,0
DA:307,3
DA:308,1
DA:311,2
DA:312,1
DA:315,1
DA:316,1
DA:317,1
DA:318,1
DA:320,1
DA:323,1
DA:324,1
DA:325,1
DA:328,1
DA:330,0
DA:334,1
DA:335,1
DA:338,1
DA:348,0
DA:349,0
DA:354,1
DA:355,1
DA:356,1
DA:357,0
DA:360,1
DA:362,1
DA:364,1
DA:365,1
DA:367,1
DA:368,1
DA:370,1
DA:371,1
DA:374,1
DA:379,0
DA:380,0
DA:384,1
DA:388,1
DA:389,1
DA:390,1
DA:393,1
DA:399,1
DA:409,1
DA:414,0
DA:415,0
DA:420,1
DA:421,1
DA:422,1
DA:423,1
DA:426,1
DA:439,1
DA:444,0
DA:445,0
DA:449,1
LF:182
LH:139
BRDA:9,0,0,1
BRDA:9,0,1,1
BRDA:17,1,0,0
BRDA:17,1,1,0
BRDA:19,2,0,0
BRDA:19,2,1,0
BRDA:29,3,0,0
BRDA:29,3,1,0
BRDA:56,4,0,1
BRDA:56,4,1,8
BRDA:56,5,0,9
BRDA:56,5,1,8
BRDA:69,6,0,1
BRDA:69,6,1,6
BRDA:73,7,0,1
BRDA:73,7,1,5
BRDA:79,8,0,1
BRDA:79,8,1,4
BRDA:79,9,0,5
BRDA:79,9,1,2
BRDA:98,10,0,4
BRDA:98,10,1,2
BRDA:101,11,0,1
BRDA:101,11,1,3
BRDA:123,12,0,1
BRDA:123,12,1,2
BRDA:145,13,0,1
BRDA:145,13,1,0
BRDA:196,14,0,1
BRDA:196,14,1,1
BRDA:213,15,0,1
BRDA:213,15,1,1
BRDA:259,16,0,1
BRDA:259,16,1,0
BRDA:263,17,0,0
BRDA:263,17,1,0
BRDA:263,18,0,0
BRDA:263,18,1,0
BRDA:279,19,0,1
BRDA:279,19,1,1
BRDA:283,20,0,1
BRDA:283,20,1,0
BRDA:283,21,0,1
BRDA:283,21,1,1
BRDA:299,22,0,0
BRDA:299,22,1,3
BRDA:303,23,0,0
BRDA:303,23,1,3
BRDA:303,24,0,3
BRDA:303,24,1,0
BRDA:307,25,0,1
BRDA:307,25,1,2
BRDA:311,26,0,1
BRDA:311,26,1,1
BRDA:317,27,0,1
BRDA:317,27,1,0
BRDA:323,28,0,1
BRDA:323,28,1,0
BRDA:334,29,0,1
BRDA:334,29,1,0
BRDA:356,30,0,0
BRDA:356,30,1,1
BRF:62
BRH:42
end_of_record
