TN:
SF:services/auth-service/src/routes/auth.js
FN:10,(anonymous_0)
FN:19,(anonymous_1)
FN:68,(anonymous_2)
FN:109,(anonymous_3)
FNF:4
FNH:4
FNDA:2,(anonymous_0)
FNDA:5,(anonymous_1)
FNDA:4,(anonymous_2)
FNDA:3,(anonymous_3)
DA:1,1
DA:2,1
DA:3,1
DA:5,1
DA:7,1
DA:10,1
DA:11,2
DA:19,1
DA:20,5
DA:21,5
DA:24,5
DA:25,1
DA:29,4
DA:30,1
DA:34,3
DA:35,1
DA:39,2
DA:40,2
DA:41,1
DA:45,1
DA:46,1
DA:49,1
DA:51,1
DA:62,0
DA:63,0
DA:68,1
DA:69,4
DA:70,4
DA:73,4
DA:74,1
DA:78,3
DA:79,3
DA:80,1
DA:84,2
DA:85,2
DA:86,1
DA:90,1
DA:92,1
DA:103,0
DA:104,0
DA:109,1
DA:110,3
DA:111,3
DA:113,3
DA:114,1
DA:117,2
DA:118,1
DA:120,1
DA:121,0
DA:124,1
DA:126,1
DA:130,1
LF:52
LH:47
BRDA:7,0,0,1
BRDA:7,0,1,1
BRDA:24,1,0,1
BRDA:24,1,1,4
BRDA:24,2,0,5
BRDA:24,2,1,4
BRDA:24,2,2,4
BRDA:29,3,0,1
BRDA:29,3,1,3
BRDA:34,4,0,1
BRDA:34,4,1,2
BRDA:40,5,0,1
BRDA:40,5,1,1
BRDA:73,6,0,1
BRDA:73,6,1,3
BRDA:73,7,0,4
BRDA:73,7,1,4
BRDA:79,8,0,1
BRDA:79,8,1,2
BRDA:85,9,0,1
BRDA:85,9,1,1
BRDA:113,10,0,1
BRDA:113,10,1,2
BRDA:120,11,0,0
BRDA:120,11,1,1
BRF:25
BRH:24
end_of_record
TN:
SF:services/auth-service/src/routes/debug.js
FN:7,(anonymous_0)
FNF:1
FNH:1
FNDA:2,(anonymous_0)
DA:1,1
DA:2,1
DA:4,1
DA:7,1
DA:8,2
DA:9,2
DA:10,1
DA:12,1
DA:16,1
LF:9
LH:9
BRF:0
BRH:0
end_of_record
TN:
SF:services/booking-service/src/routes/bookings.js
FN:11,(anonymous_0)
FN:13,(anonymous_1)
FN:52,(anonymous_2)
FN:173,(anonymous_3)
FN:188,(anonymous_4)
FN:212,(anonymous_5)
FN:222,(anonymous_6)
FN:223,(anonymous_7)
FN:224,(anonymous_8)
FN:226,(anonymous_9)
FN:227,(anonymous_10)
FN:229,(anonymous_11)
FN:230,(anonymous_12)
FN:238,(anonymous_13)
FN:255,(anonymous_14)
FN:275,(anonymous_15)
FN:295,(anonymous_16)
FN:354,(anonymous_17)
FN:364,(anonymous_18)
FN:365,(anonymous_19)
FN:367,(anonymous_20)
FN:368,(anonymous_21)
FN:370,(anonymous_22)
FN:371,(anonymous_23)
FN:388,(anonymous_24)
FN:420,(anonymous_25)
FNF:26
FNH:26
FNDA:2,(anonymous_0)
FNDA:1,(anonymous_1)
FNDA:9,(anonymous_2)
FNDA:1,(anonymous_3)
FNDA:2,(anonymous_4)
FNDA:2,(anonymous_5)
FNDA:1,(anonymous_6)
FNDA:1,(anonymous_7)
FNDA:1,(anonymous_8)
FNDA:1,(anonymous_9)
FNDA:1,(anonymous_10)
FNDA:1,(anonymous_11)
FNDA:1,(anonymous_12)
FNDA:1,(anonymous_13)
FNDA:1,(anonymous_14)
FNDA:2,(anonymous_15)
FNDA:3,(anonymous_16)
FNDA:1,(anonymous_17)
FNDA:1,(anonymous_18)
FNDA:1,(anonymous_19)
FNDA:1,(anonymous_20)
FNDA:1,(anonymous_21)
FNDA:1,(anonymous_22)
FNDA:1,(anonymous_23)
FNDA:1,(anonymous_24)
FNDA:1,(anonymous_25)
DA:1,1
DA:2,1
DA:3,1
DA:4,1
DA:5,1
DA:7,1
DA:9,1
DA:11,2
DA:13,1
DA:14,1
DA:15,1
DA:16,1
DA:17,0
DA:19,0
DA:20,0
DA:23,0
DA:28,0
DA:29,0
DA:30,0
DA:33,0
DA:34,0
DA:35,0
DA:36,0
DA:38,0
DA:40,0
DA:44,0
DA:47,1
DA:52,1
DA:53,9
DA:54,9
DA:56,9
DA:57,1
DA:61,8
DA:62,8
DA:64,1
DA:67,7
DA:69,7
DA:70,1
DA:73,6
DA:74,1
DA:77,5
DA:79,5
DA:80,1
DA:87,4
DA:101,4
DA:102,1
DA:103,1
DA:104,1
DA:106,1
DA:108,1
DA:121,3
DA:123,3
DA:124,1
DA:125,1
DA:126,1
DA:128,1
DA:134,2
DA:135,2
DA:136,2
DA:138,2
DA:139,2
DA:143,1
DA:149,1
DA:150,1
DA:152,1
DA:167,0
DA:168,0
DA:173,1
DA:174,1
DA:175,1
DA:177,1
DA:182,0
DA:183,0
DA:188,1
DA:189,2
DA:190,2
DA:196,2
DA:197,1
DA:200,1
DA:206,0
DA:207,0
DA:212,1
DA:213,2
DA:214,1
DA:217,1
DA:218,1
DA:220,1
DA:222,1
DA:223,1
DA:224,1
DA:226,1
DA:227,1
DA:229,1
DA:230,1
DA:233,1
DA:238,1
DA:239,1
DA:240,1
DA:241,1
DA:243,0
DA:247,1
DA:249,0
DA:250,0
DA:255,1
DA:256,1
DA:257,1
DA:259,1
DA:260,1
DA:263,0
DA:264,0
DA:267,0
DA:269,0
DA:270,0
DA:275,1
DA:276,2
DA:277,2
DA:279,2
DA:280,1
DA:283,1
DA:284,1
DA:287,0
DA:289,0
DA:290,0
DA:295,1
DA:296,3
DA:297,3
DA:299,3
DA:300,0
DA:303,3
DA:304,0
DA:307,3
DA:308,1
DA:311,2
DA:312,1
DA:315,1
DA:316,1
DA:317,1
DA:318,1
DA:320,1
DA:323,1
DA:324,1
DA:325,1
DA:328,1
DA:330,0
DA:334,1
DA:335,1
DA:338,1
DA:348,0
DA:349,0
DA:354,1
DA:355,1
DA:356,1
DA:357,0
DA:360,1
DA:362,1
DA:364,1
DA:365,1
DA:367,1
DA:368,1
DA:370,1
DA:371,1
DA:374,1
DA:379,0
DA:380,0
DA:384,1
DA:388,1
DA:389,1
DA:390,1
DA:393,1
DA:399,1
DA:409,1
DA:414,0
DA:415,0
DA:420,1
DA:421,1
DA:422,1
DA:423,1
DA:426,1
DA:439,1
DA:444,0
DA:445,0
DA:449,1
LF:182
LH:139
BRDA:9,0,0,1
BRDA:9,0,1,1
BRDA:17,1,0,0
BRDA:17,1,1,0
BRDA:19,2,0,0
BRDA:19,2,1,0
BRDA:29,3,0,0
BRDA:29,3,1,0
BRDA:56,4,0,1
BRDA:56,4,1,8
BRDA:56,5,0,9
BRDA:56,5,1,8
BRDA:69,6,0,1
BRDA:69,6,1,6
BRDA:73,7,0,1
BRDA:73,7,1,5
BRDA:79,8,0,1
BRDA:79,8,1,4
BRDA:79,9,0,5
BRDA:79,9,1,2
BRDA:98,10,0,4
BRDA:98,10,1,2
BRDA:101,11,0,1
BRDA:101,11,1,3
BRDA:123,12,0,1
BRDA:123,12,1,2
BRDA:145,13,0,1
BRDA:145,13,1,0
BRDA:196,14,0,1
BRDA:196,14,1,1
BRDA:213,15,0,1
BRDA:213,15,1,1
BRDA:259,16,0,1
BRDA:259,16,1,0
BRDA:263,17,0,0
BRDA:263,17,1,0
BRDA:263,18,0,0
BRDA:263,18,1,0
BRDA:279,19,0,1
BRDA:279,19,1,1
BRDA:283,20,0,1
BRDA:283,20,1,0
BRDA:283,21,0,1
BRDA:283,21,1,1
BRDA:299,22,0,0
BRDA:299,22,1,3
BRDA:303,23,0,0
BRDA:303,23,1,3
BRDA:303,24,0,3
BRDA:303,24,1,0
BRDA:307,25,0,1
BRDA:307,25,1,2
BRDA:311,26,0,1
BRDA:311,26,1,1
BRDA:317,27,0,1
BRDA:317,27,1,0
BRDA:323,28,0,1
BRDA:323,28,1,0
BRDA:334,29,0,1
BRDA:334,29,1,0
BRDA:356,30,0,0
BRDA:356,30,1,1
BRF:62
BRH:42
end_of_record
TN:
SF:services/event-service/src/routes/events.js
FN:13,(anonymous_0)
FN:71,(anonymous_1)
FN:87,(anonymous_2)
FN:108,(anonymous_3)
FN:144,(anonymous_4)
FN:171,(anonymous_5)
FN:200,(anonymous_6)
FN:250,(anonymous_7)
FN:269,(anonymous_8)
FN:270,(anonymous_9)
FN:289,(anonymous_10)
FN:323,(anonymous_11)
FN:344,(anonymous_12)
FNF:13
FNH:13
FNDA:2,(anonymous_0)
FNDA:3,(anonymous_1)
FNDA:2,(anonymous_2)
FNDA:4,(anonymous_3)
FNDA:4,(anonymous_4)
FNDA:5,(anonymous_5)
FNDA:7,(anonymous_6)
FNDA:3,(anonymous_7)
FNDA:10,(anonymous_8)
FNDA:10,(anonymous_9)
FNDA:5,(anonymous_10)
FNDA:4,(anonymous_11)
FNDA:2,(anonymous_12)
DA:1,1
DA:2,1
DA:3,1
DA:4,1
DA:5,1
DA:6,1
DA:8,1
DA:10,1
DA:13,1
DA:14,2
DA:15,2
DA:17,2
DA:20,2
DA:21,1
DA:25,2
DA:26,1
DA:30,2
DA:31,1
DA:38,2
DA:39,2
DA:40,2
DA:41,2
DA:43,2
DA:44,2
DA:45,2
DA:47,2
DA:56,1
DA:65,1
DA:66,1
DA:71,1
DA:72,3
DA:73,3
DA:75,2
DA:76,1
DA:79,1
DA:81,1
DA:82,1
DA:87,1
DA:88,2
DA:89,2
DA:94,2
DA:95,2
DA:97,1
DA:102,1
DA:103,1
DA:108,1
DA:109,4
DA:110,4
DA:116,3
DA:117,1
DA:121,2
DA:122,2
DA:129,1
DA:133,2
DA:138,1
DA:139,1
DA:144,1
DA:145,4
DA:146,4
DA:148,3
DA:149,1
DA:153,2
DA:154,2
DA:156,1
DA:160,2
DA:165,1
DA:166,1
DA:171,1
DA:172,5
DA:173,5
DA:175,5
DA:177,4
DA:178,1
DA:181,3
DA:182,1
DA:185,2
DA:186,2
DA:187,2
DA:189,2
DA:194,1
DA:195,1
DA:200,1
DA:201,7
DA:202,7
DA:204,7
DA:205,7
DA:206,1
DA:209,6
DA:210,1
DA:213,5
DA:214,5
DA:217,4
DA:218,1
DA:221,1
DA:224,3
DA:225,3
DA:233,1
DA:238,2
DA:239,1
DA:241,1
DA:244,1
DA:245,1
DA:250,1
DA:251,3
DA:252,3
DA:254,2
DA:268,2
DA:269,2
DA:270,10
DA:271,10
DA:274,2
DA:283,1
DA:284,1
DA:289,1
DA:290,5
DA:291,5
DA:293,5
DA:294,1
DA:297,4
DA:298,3
DA:299,1
DA:302,2
DA:303,1
DA:306,1
DA:307,1
DA:308,1
DA:309,1
DA:310,1
DA:312,1
DA:317,1
DA:318,1
DA:323,1
DA:324,4
DA:325,4
DA:326,3
DA:327,1
DA:330,2
DA:331,1
DA:334,1
DA:336,1
DA:338,1
DA:339,1
DA:344,1
DA:345,2
DA:346,2
DA:354,1
DA:383,1
DA:393,1
DA:402,1
DA:403,1
DA:407,1
LF:151
LH:151
BRDA:10,0,0,1
BRDA:10,0,1,1
BRDA:20,1,0,1
BRDA:20,1,1,1
BRDA:25,2,0,1
BRDA:25,2,1,1
BRDA:30,3,0,1
BRDA:30,3,1,1
BRDA:39,4,0,1
BRDA:39,4,1,1
BRDA:40,5,0,0
BRDA:40,5,1,2
BRDA:41,6,0,0
BRDA:41,6,1,2
BRDA:43,7,0,2
BRDA:43,7,1,1
BRDA:44,8,0,2
BRDA:44,8,1,1
BRDA:75,9,0,1
BRDA:75,9,1,1
BRDA:116,10,0,1
BRDA:116,10,1,2
BRDA:148,11,0,1
BRDA:148,11,1,2
BRDA:177,12,0,1
BRDA:177,12,1,3
BRDA:181,13,0,1
BRDA:181,13,1,2
BRDA:181,14,0,3
BRDA:181,14,1,2
BRDA:205,15,0,1
BRDA:205,15,1,6
BRDA:209,16,0,1
BRDA:209,16,1,5
BRDA:209,17,0,6
BRDA:209,17,1,5
BRDA:209,17,2,5
BRDA:217,18,0,1
BRDA:217,18,1,3
BRDA:217,19,0,4
BRDA:217,19,1,3
BRDA:230,20,0,3
BRDA:230,20,1,2
BRDA:238,21,0,1
BRDA:238,21,1,1
BRDA:268,22,0,2
BRDA:268,22,1,1
BRDA:277,23,0,2
BRDA:277,23,1,1
BRDA:278,24,0,2
BRDA:278,24,1,1
BRDA:293,25,0,1
BRDA:293,25,1,4
BRDA:293,26,0,5
BRDA:293,26,1,4
BRDA:293,26,2,4
BRDA:298,27,0,1
BRDA:298,27,1,2
BRDA:302,28,0,1
BRDA:302,28,1,1
BRDA:307,29,0,1
BRDA:307,29,1,0
BRDA:326,30,0,1
BRDA:326,30,1,2
BRDA:330,31,0,1
BRDA:330,31,1,1
BRDA:397,32,0,1
BRDA:397,32,1,0
BRDA:398,33,0,1
BRDA:398,33,1,0
BRF:70
BRH:65
end_of_record
